[      92ms] [INFO] %cDownload the React DevTools for a better development experience: https://react.dev/link/react-devtools font-weight:bold @ http://localhost:3000/_next/static/chunks/05w9_next_dist_04sc5oc._.js:2431
[     117ms] [LOG] [HMR] connected @ http://localhost:3000/_next/static/chunks/05w9_next_dist_04sc5oc._.js:2431
[  312390ms] [LOG] [Fast Refresh] rebuilding @ http://localhost:3000/_next/static/chunks/05w9_next_dist_04sc5oc._.js:2431
[  312413ms] ReferenceError: handleSwapSlotPositions is not defined
    at AircraftConfig (http://localhost:3000/_next/static/chunks/components_12dwz7-._.js?id=%255Bproject%255D%252Fcomponents%252Faircrafts%252FAircraftConfig.tsx+%255Bapp-client%255D+%2528ecmascript%2529:517:46)
    at Object.react_stack_bottom_frame (http://localhost:3000/_next/static/chunks/05w9_next_dist_compiled_react-dom_0r6u5qa._.js:15037:24)
    at renderWithHooks (http://localhost:3000/_next/static/chunks/05w9_next_dist_compiled_react-dom_0r6u5qa._.js:4620:24)
    at updateFunctionComponent (http://localhost:3000/_next/static/chunks/05w9_next_dist_compiled_react-dom_0r6u5qa._.js:6081:21)
    at beginWork (http://localhost:3000/_next/static/chunks/05w9_next_dist_compiled_react-dom_0r6u5qa._.js:6691:24)
    at runWithFiberInDEV (http://localhost:3000/_next/static/chunks/05w9_next_dist_compiled_react-dom_0r6u5qa._.js:965:74)
    at performUnitOfWork (http://localhost:3000/_next/static/chunks/05w9_next_dist_compiled_react-dom_0r6u5qa._.js:9555:97)
    at workLoopSync (http://localhost:3000/_next/static/chunks/05w9_next_dist_compiled_react-dom_0r6u5qa._.js:9449:40)
    at renderRootSync (http://localhost:3000/_next/static/chunks/05w9_next_dist_compiled_react-dom_0r6u5qa._.js:9433:13)
    at performWorkOnRoot (http://localhost:3000/_next/static/chunks/05w9_next_dist_compiled_react-dom_0r6u5qa._.js:9098:47)
    at performSyncWorkOnRoot (http://localhost:3000/_next/static/chunks/05w9_next_dist_compiled_react-dom_0r6u5qa._.js:10263:9)
    at flushSyncWorkAcrossRoots_impl (http://localhost:3000/_next/static/chunks/05w9_next_dist_compiled_react-dom_0r6u5qa._.js:10179:316)
    at flushSyncWork$1 (http://localhost:3000/_next/static/chunks/05w9_next_dist_compiled_react-dom_0r6u5qa._.js:9230:86)
    at Object.scheduleRefresh (http://localhost:3000/_next/static/chunks/05w9_next_dist_compiled_react-dom_0r6u5qa._.js:299:13)
    at http://localhost:3000/_next/static/chunks/05w9_next_dist_compiled_0kz62jm._.js:391:33
    at Set.forEach (<anonymous>)
    at Object.performReactRefresh (http://localhost:3000/_next/static/chunks/05w9_next_dist_compiled_0kz62jm._.js:384:38)
    at applyUpdate (http://localhost:3000/_next/static/chunks/05w9_next_dist_compiled_0kz62jm._.js:878:31)
    at http://localhost:3000/_next/static/chunks/05w9_next_dist_compiled_0kz62jm._.js:886:13
[  312448ms] [LOG] [Fast Refresh] done in 50ms @ http://localhost:3000/_next/static/chunks/05w9_next_dist_04sc5oc._.js:2431
[  319476ms] [LOG] [Fast Refresh] rebuilding @ http://localhost:3000/_next/static/chunks/05w9_next_dist_04sc5oc._.js:2431
[  319484ms] [WARNING] [Fast Refresh] performing full reload because your application had an unrecoverable error @ http://localhost:3000/_next/static/chunks/05w9_next_dist_04sc5oc._.js:2431
[  319969ms] [INFO] %cDownload the React DevTools for a better development experience: https://react.dev/link/react-devtools font-weight:bold @ http://localhost:3000/_next/static/chunks/05w9_next_dist_04sc5oc._.js:2431
[  320006ms] [LOG] [HMR] connected @ http://localhost:3000/_next/static/chunks/05w9_next_dist_04sc5oc._.js:2431
[  328756ms] [LOG] [Fast Refresh] rebuilding @ http://localhost:3000/_next/static/chunks/05w9_next_dist_04sc5oc._.js:2431
[  328917ms] [LOG] [Fast Refresh] done in 165ms @ http://localhost:3000/_next/static/chunks/05w9_next_dist_04sc5oc._.js:2431
[  329039ms] ReferenceError: useSensors is not defined
    at AircraftSeatMap (http://localhost:3000/_next/static/chunks/components_12dwz7-._.js?id=%255Bproject%255D%252Fcomponents%252Faircrafts%252FAircraftSeatMap.tsx+%255Bapp-client%255D+%2528ecmascript%2529:1731:28)
    at Object.react_stack_bottom_frame (http://localhost:3000/_next/static/chunks/05w9_next_dist_compiled_react-dom_0r6u5qa._.js:15037:24)
    at renderWithHooks (http://localhost:3000/_next/static/chunks/05w9_next_dist_compiled_react-dom_0r6u5qa._.js:4620:24)
    at updateFunctionComponent (http://localhost:3000/_next/static/chunks/05w9_next_dist_compiled_react-dom_0r6u5qa._.js:6081:21)
    at beginWork (http://localhost:3000/_next/static/chunks/05w9_next_dist_compiled_react-dom_0r6u5qa._.js:6691:24)
    at runWithFiberInDEV (http://localhost:3000/_next/static/chunks/05w9_next_dist_compiled_react-dom_0r6u5qa._.js:965:74)
    at performUnitOfWork (http://localhost:3000/_next/static/chunks/05w9_next_dist_compiled_react-dom_0r6u5qa._.js:9555:97)
    at workLoopSync (http://localhost:3000/_next/static/chunks/05w9_next_dist_compiled_react-dom_0r6u5qa._.js:9449:40)
    at renderRootSync (http://localhost:3000/_next/static/chunks/05w9_next_dist_compiled_react-dom_0r6u5qa._.js:9433:13)
    at performWorkOnRoot (http://localhost:3000/_next/static/chunks/05w9_next_dist_compiled_react-dom_0r6u5qa._.js:9061:186)
    at performSyncWorkOnRoot (http://localhost:3000/_next/static/chunks/05w9_next_dist_compiled_react-dom_0r6u5qa._.js:10263:9)
    at flushSyncWorkAcrossRoots_impl (http://localhost:3000/_next/static/chunks/05w9_next_dist_compiled_react-dom_0r6u5qa._.js:10179:316)
    at processRootScheduleInMicrotask (http://localhost:3000/_next/static/chunks/05w9_next_dist_compiled_react-dom_0r6u5qa._.js:10200:106)
    at http://localhost:3000/_next/static/chunks/05w9_next_dist_compiled_react-dom_0r6u5qa._.js:10274:158
[  337186ms] [LOG] [Fast Refresh] rebuilding @ http://localhost:3000/_next/static/chunks/05w9_next_dist_04sc5oc._.js:2431
[  337222ms] [WARNING] [Fast Refresh] performing full reload because your application had an unrecoverable error @ http://localhost:3000/_next/static/chunks/05w9_next_dist_04sc5oc._.js:2431
[  337250ms] [LOG] [Fast Refresh] done in 113ms @ http://localhost:3000/_next/static/chunks/05w9_next_dist_04sc5oc._.js:2431
[  337306ms] ReferenceError: useSensors is not defined
    at AircraftSeatMap (http://localhost:3000/_next/static/chunks/components_12dwz7-._.js?id=%255Bproject%255D%252Fcomponents%252Faircrafts%252FAircraftSeatMap.tsx+%255Bapp-client%255D+%2528ecmascript%2529:1731:28)
    at Object.react_stack_bottom_frame (http://localhost:3000/_next/static/chunks/05w9_next_dist_compiled_react-dom_0r6u5qa._.js:15037:24)
    at renderWithHooks (http://localhost:3000/_next/static/chunks/05w9_next_dist_compiled_react-dom_0r6u5qa._.js:4620:24)
    at updateFunctionComponent (http://localhost:3000/_next/static/chunks/05w9_next_dist_compiled_react-dom_0r6u5qa._.js:6081:21)
    at beginWork (http://localhost:3000/_next/static/chunks/05w9_next_dist_compiled_react-dom_0r6u5qa._.js:6691:24)
    at runWithFiberInDEV (http://localhost:3000/_next/static/chunks/05w9_next_dist_compiled_react-dom_0r6u5qa._.js:965:74)
    at performUnitOfWork (http://localhost:3000/_next/static/chunks/05w9_next_dist_compiled_react-dom_0r6u5qa._.js:9555:97)
    at workLoopSync (http://localhost:3000/_next/static/chunks/05w9_next_dist_compiled_react-dom_0r6u5qa._.js:9449:40)
    at renderRootSync (http://localhost:3000/_next/static/chunks/05w9_next_dist_compiled_react-dom_0r6u5qa._.js:9433:13)
    at performWorkOnRoot (http://localhost:3000/_next/static/chunks/05w9_next_dist_compiled_react-dom_0r6u5qa._.js:9098:47)
    at performWorkOnRootViaSchedulerTask (http://localhost:3000/_next/static/chunks/05w9_next_dist_compiled_react-dom_0r6u5qa._.js:10255:9)
    at MessagePort.performWorkUntilDeadline (http://localhost:3000/_next/static/chunks/05w9_next_dist_compiled_0kz62jm._.js:2647:64)
[  337659ms] [INFO] %cDownload the React DevTools for a better development experience: https://react.dev/link/react-devtools font-weight:bold @ http://localhost:3000/_next/static/chunks/05w9_next_dist_04sc5oc._.js:2431
[  337703ms] [LOG] [HMR] connected @ http://localhost:3000/_next/static/chunks/05w9_next_dist_04sc5oc._.js:2431
[  337897ms] ReferenceError: useSensors is not defined
    at AircraftSeatMap (http://localhost:3000/_next/static/chunks/components_12dwz7-._.js:4168:28)
    at Object.react_stack_bottom_frame (http://localhost:3000/_next/static/chunks/05w9_next_dist_compiled_react-dom_0r6u5qa._.js:15037:24)
    at renderWithHooks (http://localhost:3000/_next/static/chunks/05w9_next_dist_compiled_react-dom_0r6u5qa._.js:4620:24)
    at updateFunctionComponent (http://localhost:3000/_next/static/chunks/05w9_next_dist_compiled_react-dom_0r6u5qa._.js:6081:21)
    at beginWork (http://localhost:3000/_next/static/chunks/05w9_next_dist_compiled_react-dom_0r6u5qa._.js:6691:24)
    at runWithFiberInDEV (http://localhost:3000/_next/static/chunks/05w9_next_dist_compiled_react-dom_0r6u5qa._.js:965:74)
    at performUnitOfWork (http://localhost:3000/_next/static/chunks/05w9_next_dist_compiled_react-dom_0r6u5qa._.js:9555:97)
    at workLoopSync (http://localhost:3000/_next/static/chunks/05w9_next_dist_compiled_react-dom_0r6u5qa._.js:9449:40)
    at renderRootSync (http://localhost:3000/_next/static/chunks/05w9_next_dist_compiled_react-dom_0r6u5qa._.js:9433:13)
    at performWorkOnRoot (http://localhost:3000/_next/static/chunks/05w9_next_dist_compiled_react-dom_0r6u5qa._.js:9098:47)
    at performWorkOnRootViaSchedulerTask (http://localhost:3000/_next/static/chunks/05w9_next_dist_compiled_react-dom_0r6u5qa._.js:10255:9)
    at MessagePort.performWorkUntilDeadline (http://localhost:3000/_next/static/chunks/05w9_next_dist_compiled_0kz62jm._.js:2647:64)
[  363171ms] [LOG] [Fast Refresh] rebuilding @ http://localhost:3000/_next/static/chunks/05w9_next_dist_04sc5oc._.js:2431
[  363202ms] [WARNING] [Fast Refresh] performing full reload because your application had an unrecoverable error @ http://localhost:3000/_next/static/chunks/05w9_next_dist_04sc5oc._.js:2431
[  363209ms] [LOG] [Fast Refresh] done in 127ms @ http://localhost:3000/_next/static/chunks/05w9_next_dist_04sc5oc._.js:2431
[  363331ms] [INFO] %cDownload the React DevTools for a better development experience: https://react.dev/link/react-devtools font-weight:bold @ http://localhost:3000/_next/static/chunks/05w9_next_dist_04sc5oc._.js:2431
[  363370ms] [LOG] [HMR] connected @ http://localhost:3000/_next/static/chunks/05w9_next_dist_04sc5oc._.js:2431
[  363562ms] ReferenceError: useSensors is not defined
    at AircraftSeatMap (http://localhost:3000/_next/static/chunks/components_12dwz7-._.js:4120:28)
    at Object.react_stack_bottom_frame (http://localhost:3000/_next/static/chunks/05w9_next_dist_compiled_react-dom_0r6u5qa._.js:15037:24)
    at renderWithHooks (http://localhost:3000/_next/static/chunks/05w9_next_dist_compiled_react-dom_0r6u5qa._.js:4620:24)
    at updateFunctionComponent (http://localhost:3000/_next/static/chunks/05w9_next_dist_compiled_react-dom_0r6u5qa._.js:6081:21)
    at beginWork (http://localhost:3000/_next/static/chunks/05w9_next_dist_compiled_react-dom_0r6u5qa._.js:6691:24)
    at runWithFiberInDEV (http://localhost:3000/_next/static/chunks/05w9_next_dist_compiled_react-dom_0r6u5qa._.js:965:74)
    at performUnitOfWork (http://localhost:3000/_next/static/chunks/05w9_next_dist_compiled_react-dom_0r6u5qa._.js:9555:97)
    at workLoopSync (http://localhost:3000/_next/static/chunks/05w9_next_dist_compiled_react-dom_0r6u5qa._.js:9449:40)
    at renderRootSync (http://localhost:3000/_next/static/chunks/05w9_next_dist_compiled_react-dom_0r6u5qa._.js:9433:13)
    at performWorkOnRoot (http://localhost:3000/_next/static/chunks/05w9_next_dist_compiled_react-dom_0r6u5qa._.js:9098:47)
    at performWorkOnRootViaSchedulerTask (http://localhost:3000/_next/static/chunks/05w9_next_dist_compiled_react-dom_0r6u5qa._.js:10255:9)
    at MessagePort.performWorkUntilDeadline (http://localhost:3000/_next/static/chunks/05w9_next_dist_compiled_0kz62jm._.js:2647:64)
[  370515ms] [LOG] [Fast Refresh] rebuilding @ http://localhost:3000/_next/static/chunks/05w9_next_dist_04sc5oc._.js:2431
[  370543ms] [WARNING] [Fast Refresh] performing full reload because your application had an unrecoverable error @ http://localhost:3000/_next/static/chunks/05w9_next_dist_04sc5oc._.js:2431
[  370549ms] [LOG] [Fast Refresh] done in 102ms @ http://localhost:3000/_next/static/chunks/05w9_next_dist_04sc5oc._.js:2431
[  370723ms] [INFO] %cDownload the React DevTools for a better development experience: https://react.dev/link/react-devtools font-weight:bold @ http://localhost:3000/_next/static/chunks/05w9_next_dist_04sc5oc._.js:2431
[  370753ms] [LOG] [HMR] connected @ http://localhost:3000/_next/static/chunks/05w9_next_dist_04sc5oc._.js:2431
[  370888ms] ReferenceError: useSensors is not defined
    at AircraftSeatMap (http://localhost:3000/_next/static/chunks/components_12dwz7-._.js:4120:28)
    at Object.react_stack_bottom_frame (http://localhost:3000/_next/static/chunks/05w9_next_dist_compiled_react-dom_0r6u5qa._.js:15037:24)
    at renderWithHooks (http://localhost:3000/_next/static/chunks/05w9_next_dist_compiled_react-dom_0r6u5qa._.js:4620:24)
    at updateFunctionComponent (http://localhost:3000/_next/static/chunks/05w9_next_dist_compiled_react-dom_0r6u5qa._.js:6081:21)
    at beginWork (http://localhost:3000/_next/static/chunks/05w9_next_dist_compiled_react-dom_0r6u5qa._.js:6691:24)
    at runWithFiberInDEV (http://localhost:3000/_next/static/chunks/05w9_next_dist_compiled_react-dom_0r6u5qa._.js:965:74)
    at performUnitOfWork (http://localhost:3000/_next/static/chunks/05w9_next_dist_compiled_react-dom_0r6u5qa._.js:9555:97)
    at workLoopSync (http://localhost:3000/_next/static/chunks/05w9_next_dist_compiled_react-dom_0r6u5qa._.js:9449:40)
    at renderRootSync (http://localhost:3000/_next/static/chunks/05w9_next_dist_compiled_react-dom_0r6u5qa._.js:9433:13)
    at performWorkOnRoot (http://localhost:3000/_next/static/chunks/05w9_next_dist_compiled_react-dom_0r6u5qa._.js:9098:47)
    at performWorkOnRootViaSchedulerTask (http://localhost:3000/_next/static/chunks/05w9_next_dist_compiled_react-dom_0r6u5qa._.js:10255:9)
    at MessagePort.performWorkUntilDeadline (http://localhost:3000/_next/static/chunks/05w9_next_dist_compiled_0kz62jm._.js:2647:64)
[  380430ms] [LOG] [Fast Refresh] rebuilding @ http://localhost:3000/_next/static/chunks/05w9_next_dist_04sc5oc._.js:2431
[  380462ms] [WARNING] [Fast Refresh] performing full reload because your application had an unrecoverable error @ http://localhost:3000/_next/static/chunks/05w9_next_dist_04sc5oc._.js:2431
[  380463ms] [LOG] [Fast Refresh] done in 132ms @ http://localhost:3000/_next/static/chunks/05w9_next_dist_04sc5oc._.js:2431
[  380604ms] [INFO] %cDownload the React DevTools for a better development experience: https://react.dev/link/react-devtools font-weight:bold @ http://localhost:3000/_next/static/chunks/05w9_next_dist_04sc5oc._.js:2431
[  380642ms] [LOG] [HMR] connected @ http://localhost:3000/_next/static/chunks/05w9_next_dist_04sc5oc._.js:2431
[  380842ms] ReferenceError: DndContext is not defined
    at AircraftSeatMap (http://localhost:3000/_next/static/chunks/components_12dwz7-._.js:4346:407)
    at Object.react_stack_bottom_frame (http://localhost:3000/_next/static/chunks/05w9_next_dist_compiled_react-dom_0r6u5qa._.js:15037:24)
    at renderWithHooks (http://localhost:3000/_next/static/chunks/05w9_next_dist_compiled_react-dom_0r6u5qa._.js:4620:24)
    at updateFunctionComponent (http://localhost:3000/_next/static/chunks/05w9_next_dist_compiled_react-dom_0r6u5qa._.js:6081:21)
    at beginWork (http://localhost:3000/_next/static/chunks/05w9_next_dist_compiled_react-dom_0r6u5qa._.js:6691:24)
    at runWithFiberInDEV (http://localhost:3000/_next/static/chunks/05w9_next_dist_compiled_react-dom_0r6u5qa._.js:965:74)
    at performUnitOfWork (http://localhost:3000/_next/static/chunks/05w9_next_dist_compiled_react-dom_0r6u5qa._.js:9555:97)
    at workLoopSync (http://localhost:3000/_next/static/chunks/05w9_next_dist_compiled_react-dom_0r6u5qa._.js:9449:40)
    at renderRootSync (http://localhost:3000/_next/static/chunks/05w9_next_dist_compiled_react-dom_0r6u5qa._.js:9433:13)
    at performWorkOnRoot (http://localhost:3000/_next/static/chunks/05w9_next_dist_compiled_react-dom_0r6u5qa._.js:9098:47)
    at performWorkOnRootViaSchedulerTask (http://localhost:3000/_next/static/chunks/05w9_next_dist_compiled_react-dom_0r6u5qa._.js:10255:9)
    at MessagePort.performWorkUntilDeadline (http://localhost:3000/_next/static/chunks/05w9_next_dist_compiled_0kz62jm._.js:2647:64)
[  411889ms] [ERROR] ./components/aircrafts/AircraftSeatMap.tsx:1357:28
Expected '</', got 'jsx text'
  1355 |                   )}
  1356 |                 </DragOverlay>
> 1357 |               </DndContext>
       |                            ^^^^^^^^^^^^^^^^^^^^^^^^^^^^^^^^^^^^^^^^^^^^^^^^^^
> 1358 |             </CardContent>
       | ^^^^^^^^^^^^
  1359 |           </Card>
  1360 |         </div>
  1361 |       </div>

Parsing ecmascript source code failed

Import traces:
  Client Component Browser:
    ./components/aircrafts/AircraftSeatMap.tsx [Client Component Browser]
    ./components/aircrafts/AircraftConfig.tsx [Client Component Browser]
    ./components/aircrafts/AircraftConfig.tsx [Server Component]
    ./app/page.tsx [Server Component]

  Client Component SSR:
    ./components/aircrafts/AircraftSeatMap.tsx [Client Component SSR]
    ./components/aircrafts/AircraftConfig.tsx [Client Component SSR]
    ./components/aircrafts/AircraftConfig.tsx [Server Component]
    ./app/page.tsx [Server Component] @ http://localhost:3000/_next/static/chunks/05w9_next_dist_04sc5oc._.js:3272
[  411906ms] [LOG] [Fast Refresh] rebuilding @ http://localhost:3000/_next/static/chunks/05w9_next_dist_04sc5oc._.js:2431
[  426783ms] [ERROR] ./components/aircrafts/AircraftSeatMap.tsx:1356:28
Expected '</', got 'jsx text'
  1354 |                   )}
  1355 |                 </DragOverlay>
> 1356 |               </DndContext>
       |                            ^^^^^^^^^^^^^^^^^^^^^^^^^^^^^^^^^^^^^^^^^^^^^^^^^^
> 1357 |             </CardContent>
       | ^^^^^^^^^^^^
  1358 |           </Card>
  1359 |         </div>
  1360 |       </div>

Parsing ecmascript source code failed

Import traces:
  Client Component Browser:
    ./components/aircrafts/AircraftSeatMap.tsx [Client Component Browser]
    ./components/aircrafts/AircraftConfig.tsx [Client Component Browser]
    ./components/aircrafts/AircraftConfig.tsx [Server Component]
    ./app/page.tsx [Server Component]

  Client Component SSR:
    ./components/aircrafts/AircraftSeatMap.tsx [Client Component SSR]
    ./components/aircrafts/AircraftConfig.tsx [Client Component SSR]
    ./components/aircrafts/AircraftConfig.tsx [Server Component]
    ./app/page.tsx [Server Component] @ http://localhost:3000/_next/static/chunks/05w9_next_dist_04sc5oc._.js:3272
[  426810ms] [LOG] [Fast Refresh] rebuilding @ http://localhost:3000/_next/static/chunks/05w9_next_dist_04sc5oc._.js:2431
[  437284ms] [LOG] [Fast Refresh] rebuilding @ http://localhost:3000/_next/static/chunks/05w9_next_dist_04sc5oc._.js:2431
[  437336ms] [WARNING] [Fast Refresh] performing full reload because your application had an unrecoverable error @ http://localhost:3000/_next/static/chunks/05w9_next_dist_04sc5oc._.js:2431
[  437480ms] [INFO] %cDownload the React DevTools for a better development experience: https://react.dev/link/react-devtools font-weight:bold @ http://localhost:3000/_next/static/chunks/05w9_next_dist_04sc5oc._.js:2431
[  437548ms] [LOG] [HMR] connected @ http://localhost:3000/_next/static/chunks/05w9_next_dist_04sc5oc._.js:2431
[ 1054437ms] [LOG] [Fast Refresh] rebuilding @ http://localhost:3000/_next/static/chunks/05w9_next_dist_04sc5oc._.js:2431
[ 1054467ms] [LOG] [Fast Refresh] done in 63ms @ http://localhost:3000/_next/static/chunks/05w9_next_dist_04sc5oc._.js:2431
[ 1077155ms] [LOG] [Fast Refresh] rebuilding @ http://localhost:3000/_next/static/chunks/05w9_next_dist_04sc5oc._.js:2431
[ 1077347ms] [LOG] [Fast Refresh] done in 50ms @ http://localhost:3000/_next/static/chunks/05w9_next_dist_04sc5oc._.js:2431
[ 1095102ms] [LOG] [Fast Refresh] rebuilding @ http://localhost:3000/_next/static/chunks/05w9_next_dist_04sc5oc._.js:2431
[ 1095142ms] [LOG] [Fast Refresh] done in 54ms @ http://localhost:3000/_next/static/chunks/05w9_next_dist_04sc5oc._.js:2431
[ 1104991ms] [LOG] [Fast Refresh] rebuilding @ http://localhost:3000/_next/static/chunks/05w9_next_dist_04sc5oc._.js:2431
[ 1105096ms] [LOG] [Fast Refresh] done in 41ms @ http://localhost:3000/_next/static/chunks/05w9_next_dist_04sc5oc._.js:2431
[ 1113396ms] [LOG] [Fast Refresh] rebuilding @ http://localhost:3000/_next/static/chunks/05w9_next_dist_04sc5oc._.js:2431
[ 1113554ms] [LOG] [Fast Refresh] done in 53ms @ http://localhost:3000/_next/static/chunks/05w9_next_dist_04sc5oc._.js:2431
[ 1123596ms] [LOG] [Fast Refresh] rebuilding @ http://localhost:3000/_next/static/chunks/05w9_next_dist_04sc5oc._.js:2431
[ 1123742ms] [LOG] [Fast Refresh] done in 91ms @ http://localhost:3000/_next/static/chunks/05w9_next_dist_04sc5oc._.js:2431
[ 1136147ms] [LOG] [Fast Refresh] rebuilding @ http://localhost:3000/_next/static/chunks/05w9_next_dist_04sc5oc._.js:2431
[ 1136174ms] [LOG] [Fast Refresh] done in 37ms @ http://localhost:3000/_next/static/chunks/05w9_next_dist_04sc5oc._.js:2431
[ 1169579ms] [LOG] [Fast Refresh] rebuilding @ http://localhost:3000/_next/static/chunks/05w9_next_dist_04sc5oc._.js:2431
[ 1169750ms] [LOG] [Fast Refresh] done in 89ms @ http://localhost:3000/_next/static/chunks/05w9_next_dist_04sc5oc._.js:2431
[ 1177081ms] [LOG] [Fast Refresh] rebuilding @ http://localhost:3000/_next/static/chunks/05w9_next_dist_04sc5oc._.js:2431
[ 1177273ms] [LOG] [Fast Refresh] done in 105ms @ http://localhost:3000/_next/static/chunks/05w9_next_dist_04sc5oc._.js:2431
[ 1189962ms] [LOG] [Fast Refresh] rebuilding @ http://localhost:3000/_next/static/chunks/05w9_next_dist_04sc5oc._.js:2431
[ 1190091ms] [LOG] [Fast Refresh] done in 89ms @ http://localhost:3000/_next/static/chunks/05w9_next_dist_04sc5oc._.js:2431
[ 1500617ms] [LOG] [Fast Refresh] rebuilding @ http://localhost:3000/_next/static/chunks/05w9_next_dist_04sc5oc._.js:2431
[ 1500824ms] [LOG] [Fast Refresh] done in 140ms @ http://localhost:3000/_next/static/chunks/05w9_next_dist_04sc5oc._.js:2431
[ 1607221ms] [LOG] [Fast Refresh] rebuilding @ http://localhost:3000/_next/static/chunks/05w9_next_dist_04sc5oc._.js:2431
[ 1607562ms] [LOG] [Fast Refresh] done in 181ms @ http://localhost:3000/_next/static/chunks/05w9_next_dist_04sc5oc._.js:2431
[ 1623043ms] [LOG] [Fast Refresh] rebuilding @ http://localhost:3000/_next/static/chunks/05w9_next_dist_04sc5oc._.js:2431
[ 1623467ms] [LOG] [Fast Refresh] done in 133ms @ http://localhost:3000/_next/static/chunks/05w9_next_dist_04sc5oc._.js:2431
