[     118ms] [INFO] %cDownload the React DevTools for a better development experience: https://react.dev/link/react-devtools font-weight:bold @ http://localhost:3000/_next/static/chunks/05w9_next_dist_04sc5oc._.js:2431
[     156ms] [LOG] [HMR] connected @ http://localhost:3000/_next/static/chunks/05w9_next_dist_04sc5oc._.js:2431
[   71261ms] [LOG] [Fast Refresh] rebuilding @ http://localhost:3000/_next/static/chunks/05w9_next_dist_04sc5oc._.js:2431
[   71285ms] [LOG] [Fast Refresh] done in 37ms @ http://localhost:3000/_next/static/chunks/05w9_next_dist_04sc5oc._.js:2431
[  382875ms] [LOG] [Fast Refresh] rebuilding @ http://localhost:3000/_next/static/chunks/05w9_next_dist_04sc5oc._.js:2431
[  382955ms] ReferenceError: StandaloneExitSection is not defined
    at eval (http://localhost:3000/_next/static/chunks/components_12dwz7-._.js?id=%255Bproject%255D%252Fcomponents%252Faircrafts%252FAircraftSeatMap.tsx+%255Bapp-client%255D+%2528ecmascript%2529:1682:474)
    at Array.map (<anonymous>)
    at eval (http://localhost:3000/_next/static/chunks/components_12dwz7-._.js?id=%255Bproject%255D%252Fcomponents%252Faircrafts%252FAircraftSeatMap.tsx+%255Bapp-client%255D+%2528ecmascript%2529:1682:98)
    at Array.map (<anonymous>)
    at AircraftSeatMap (http://localhost:3000/_next/static/chunks/components_12dwz7-._.js?id=%255Bproject%255D%252Fcomponents%252Faircrafts%252FAircraftSeatMap.tsx+%255Bapp-client%255D+%2528ecmascript%2529:1668:48)
    at Object.react_stack_bottom_frame (http://localhost:3000/_next/static/chunks/05w9_next_dist_compiled_react-dom_0r6u5qa._.js:15037:24)
    at renderWithHooks (http://localhost:3000/_next/static/chunks/05w9_next_dist_compiled_react-dom_0r6u5qa._.js:4620:24)
    at updateFunctionComponent (http://localhost:3000/_next/static/chunks/05w9_next_dist_compiled_react-dom_0r6u5qa._.js:6081:21)
    at beginWork (http://localhost:3000/_next/static/chunks/05w9_next_dist_compiled_react-dom_0r6u5qa._.js:6691:24)
    at runWithFiberInDEV (http://localhost:3000/_next/static/chunks/05w9_next_dist_compiled_react-dom_0r6u5qa._.js:965:74)
    at performUnitOfWork (http://localhost:3000/_next/static/chunks/05w9_next_dist_compiled_react-dom_0r6u5qa._.js:9555:97)
    at workLoopSync (http://localhost:3000/_next/static/chunks/05w9_next_dist_compiled_react-dom_0r6u5qa._.js:9449:40)
    at renderRootSync (http://localhost:3000/_next/static/chunks/05w9_next_dist_compiled_react-dom_0r6u5qa._.js:9433:13)
    at performWorkOnRoot (http://localhost:3000/_next/static/chunks/05w9_next_dist_compiled_react-dom_0r6u5qa._.js:9098:47)
    at performSyncWorkOnRoot (http://localhost:3000/_next/static/chunks/05w9_next_dist_compiled_react-dom_0r6u5qa._.js:10263:9)
    at flushSyncWorkAcrossRoots_impl (http://localhost:3000/_next/static/chunks/05w9_next_dist_compiled_react-dom_0r6u5qa._.js:10179:316)
    at flushSyncWork$1 (http://localhost:3000/_next/static/chunks/05w9_next_dist_compiled_react-dom_0r6u5qa._.js:9230:86)
    at Object.scheduleRefresh (http://localhost:3000/_next/static/chunks/05w9_next_dist_compiled_react-dom_0r6u5qa._.js:299:13)
    at http://localhost:3000/_next/static/chunks/05w9_next_dist_compiled_0kz62jm._.js:391:33
    at Set.forEach (<anonymous>)
    at Object.performReactRefresh (http://localhost:3000/_next/static/chunks/05w9_next_dist_compiled_0kz62jm._.js:384:38)
    at applyUpdate (http://localhost:3000/_next/static/chunks/05w9_next_dist_compiled_0kz62jm._.js:878:31)
    at http://localhost:3000/_next/static/chunks/05w9_next_dist_compiled_0kz62jm._.js:886:13
[  383013ms] [LOG] [Fast Refresh] done in 137ms @ http://localhost:3000/_next/static/chunks/05w9_next_dist_04sc5oc._.js:2431
[  400462ms] [LOG] [Fast Refresh] rebuilding @ http://localhost:3000/_next/static/chunks/05w9_next_dist_04sc5oc._.js:2431
[  400498ms] [WARNING] [Fast Refresh] performing full reload because your application had an unrecoverable error @ http://localhost:3000/_next/static/chunks/05w9_next_dist_04sc5oc._.js:2431
[  400534ms] [LOG] [Fast Refresh] done in 110ms @ http://localhost:3000/_next/static/chunks/05w9_next_dist_04sc5oc._.js:2431
[  400656ms] ReferenceError: StandaloneExitSection is not defined
    at eval (http://localhost:3000/_next/static/chunks/components_12dwz7-._.js?id=%255Bproject%255D%252Fcomponents%252Faircrafts%252FAircraftSeatMap.tsx+%255Bapp-client%255D+%2528ecmascript%2529:1682:474)
    at Array.map (<anonymous>)
    at eval (http://localhost:3000/_next/static/chunks/components_12dwz7-._.js?id=%255Bproject%255D%252Fcomponents%252Faircrafts%252FAircraftSeatMap.tsx+%255Bapp-client%255D+%2528ecmascript%2529:1682:98)
    at Array.map (<anonymous>)
    at AircraftSeatMap (http://localhost:3000/_next/static/chunks/components_12dwz7-._.js?id=%255Bproject%255D%252Fcomponents%252Faircrafts%252FAircraftSeatMap.tsx+%255Bapp-client%255D+%2528ecmascript%2529:1668:48)
    at Object.react_stack_bottom_frame (http://localhost:3000/_next/static/chunks/05w9_next_dist_compiled_react-dom_0r6u5qa._.js:15037:24)
    at renderWithHooks (http://localhost:3000/_next/static/chunks/05w9_next_dist_compiled_react-dom_0r6u5qa._.js:4620:24)
    at updateFunctionComponent (http://localhost:3000/_next/static/chunks/05w9_next_dist_compiled_react-dom_0r6u5qa._.js:6081:21)
    at beginWork (http://localhost:3000/_next/static/chunks/05w9_next_dist_compiled_react-dom_0r6u5qa._.js:6691:24)
    at runWithFiberInDEV (http://localhost:3000/_next/static/chunks/05w9_next_dist_compiled_react-dom_0r6u5qa._.js:965:74)
    at performUnitOfWork (http://localhost:3000/_next/static/chunks/05w9_next_dist_compiled_react-dom_0r6u5qa._.js:9555:97)
    at workLoopSync (http://localhost:3000/_next/static/chunks/05w9_next_dist_compiled_react-dom_0r6u5qa._.js:9449:40)
    at renderRootSync (http://localhost:3000/_next/static/chunks/05w9_next_dist_compiled_react-dom_0r6u5qa._.js:9433:13)
    at performWorkOnRoot (http://localhost:3000/_next/static/chunks/05w9_next_dist_compiled_react-dom_0r6u5qa._.js:9098:47)
    at performWorkOnRootViaSchedulerTask (http://localhost:3000/_next/static/chunks/05w9_next_dist_compiled_react-dom_0r6u5qa._.js:10255:9)
    at MessagePort.performWorkUntilDeadline (http://localhost:3000/_next/static/chunks/05w9_next_dist_compiled_0kz62jm._.js:2647:64)
[  400818ms] [INFO] %cDownload the React DevTools for a better development experience: https://react.dev/link/react-devtools font-weight:bold @ http://localhost:3000/_next/static/chunks/05w9_next_dist_04sc5oc._.js:2431
[  400903ms] [LOG] [HMR] connected @ http://localhost:3000/_next/static/chunks/05w9_next_dist_04sc5oc._.js:2431
[  401103ms] ReferenceError: StandaloneExitSection is not defined
    at http://localhost:3000/_next/static/chunks/components_12dwz7-._.js:4119:474
    at Array.map (<anonymous>)
    at http://localhost:3000/_next/static/chunks/components_12dwz7-._.js:4119:98
    at Array.map (<anonymous>)
    at AircraftSeatMap (http://localhost:3000/_next/static/chunks/components_12dwz7-._.js:4105:48)
    at Object.react_stack_bottom_frame (http://localhost:3000/_next/static/chunks/05w9_next_dist_compiled_react-dom_0r6u5qa._.js:15037:24)
    at renderWithHooks (http://localhost:3000/_next/static/chunks/05w9_next_dist_compiled_react-dom_0r6u5qa._.js:4620:24)
    at updateFunctionComponent (http://localhost:3000/_next/static/chunks/05w9_next_dist_compiled_react-dom_0r6u5qa._.js:6081:21)
    at beginWork (http://localhost:3000/_next/static/chunks/05w9_next_dist_compiled_react-dom_0r6u5qa._.js:6691:24)
    at runWithFiberInDEV (http://localhost:3000/_next/static/chunks/05w9_next_dist_compiled_react-dom_0r6u5qa._.js:965:74)
    at performUnitOfWork (http://localhost:3000/_next/static/chunks/05w9_next_dist_compiled_react-dom_0r6u5qa._.js:9555:97)
    at workLoopSync (http://localhost:3000/_next/static/chunks/05w9_next_dist_compiled_react-dom_0r6u5qa._.js:9449:40)
    at renderRootSync (http://localhost:3000/_next/static/chunks/05w9_next_dist_compiled_react-dom_0r6u5qa._.js:9433:13)
    at performWorkOnRoot (http://localhost:3000/_next/static/chunks/05w9_next_dist_compiled_react-dom_0r6u5qa._.js:9098:47)
    at performWorkOnRootViaSchedulerTask (http://localhost:3000/_next/static/chunks/05w9_next_dist_compiled_react-dom_0r6u5qa._.js:10255:9)
    at MessagePort.performWorkUntilDeadline (http://localhost:3000/_next/static/chunks/05w9_next_dist_compiled_0kz62jm._.js:2647:64)
[  432324ms] [LOG] [Fast Refresh] rebuilding @ http://localhost:3000/_next/static/chunks/05w9_next_dist_04sc5oc._.js:2431
[  432364ms] [WARNING] [Fast Refresh] performing full reload because your application had an unrecoverable error @ http://localhost:3000/_next/static/chunks/05w9_next_dist_04sc5oc._.js:2431
[  432366ms] [LOG] [Fast Refresh] done in 132ms @ http://localhost:3000/_next/static/chunks/05w9_next_dist_04sc5oc._.js:2431
[  432602ms] [INFO] %cDownload the React DevTools for a better development experience: https://react.dev/link/react-devtools font-weight:bold @ http://localhost:3000/_next/static/chunks/05w9_next_dist_04sc5oc._.js:2431
[  432703ms] [LOG] [HMR] connected @ http://localhost:3000/_next/static/chunks/05w9_next_dist_04sc5oc._.js:2431
[  441106ms] [LOG] [Fast Refresh] rebuilding @ http://localhost:3000/_next/static/chunks/05w9_next_dist_04sc5oc._.js:2431
[  441244ms] [LOG] [Fast Refresh] done in 48ms @ http://localhost:3000/_next/static/chunks/05w9_next_dist_04sc5oc._.js:2431
