[     137ms] [INFO] %cDownload the React DevTools for a better development experience: https://react.dev/link/react-devtools font-weight:bold @ http://localhost:3000/_next/static/chunks/05w9_next_dist_04sc5oc._.js:2431
[     181ms] [LOG] [HMR] connected @ http://localhost:3000/_next/static/chunks/05w9_next_dist_04sc5oc._.js:2431
[  503107ms] [LOG] [Fast Refresh] rebuilding @ http://localhost:3000/_next/static/chunks/05w9_next_dist_04sc5oc._.js:2431
[  503151ms] [LOG] [Fast Refresh] done in 43ms @ http://localhost:3000/_next/static/chunks/05w9_next_dist_04sc5oc._.js:2431
[  508443ms] [LOG] [Fast Refresh] rebuilding @ http://localhost:3000/_next/static/chunks/05w9_next_dist_04sc5oc._.js:2431
[  508492ms] [LOG] [Fast Refresh] done in 45ms @ http://localhost:3000/_next/static/chunks/05w9_next_dist_04sc5oc._.js:2431
[  516167ms] [LOG] [Fast Refresh] rebuilding @ http://localhost:3000/_next/static/chunks/05w9_next_dist_04sc5oc._.js:2431
[  516230ms] [LOG] [Fast Refresh] done in 112ms @ http://localhost:3000/_next/static/chunks/05w9_next_dist_04sc5oc._.js:2431
[  547517ms] [LOG] [Fast Refresh] rebuilding @ http://localhost:3000/_next/static/chunks/05w9_next_dist_04sc5oc._.js:2431
[  547571ms] [LOG] [Fast Refresh] done in 93ms @ http://localhost:3000/_next/static/chunks/05w9_next_dist_04sc5oc._.js:2431
[  569719ms] [LOG] [Fast Refresh] rebuilding @ http://localhost:3000/_next/static/chunks/05w9_next_dist_04sc5oc._.js:2431
[  569820ms] ReferenceError: AlignCenter is not defined
    at StandaloneLavSection (http://localhost:3000/_next/static/chunks/components_12dwz7-._.js?id=%255Bproject%255D%252Fcomponents%252Faircrafts%252FAircraftSeatMap.tsx+%255Bapp-client%255D+%2528ecmascript%2529:995:401)
    at Object.react_stack_bottom_frame (http://localhost:3000/_next/static/chunks/05w9_next_dist_compiled_react-dom_0r6u5qa._.js:15037:24)
    at renderWithHooks (http://localhost:3000/_next/static/chunks/05w9_next_dist_compiled_react-dom_0r6u5qa._.js:4620:24)
    at updateFunctionComponent (http://localhost:3000/_next/static/chunks/05w9_next_dist_compiled_react-dom_0r6u5qa._.js:6081:21)
    at beginWork (http://localhost:3000/_next/static/chunks/05w9_next_dist_compiled_react-dom_0r6u5qa._.js:6691:24)
    at runWithFiberInDEV (http://localhost:3000/_next/static/chunks/05w9_next_dist_compiled_react-dom_0r6u5qa._.js:965:74)
    at performUnitOfWork (http://localhost:3000/_next/static/chunks/05w9_next_dist_compiled_react-dom_0r6u5qa._.js:9555:97)
    at workLoopSync (http://localhost:3000/_next/static/chunks/05w9_next_dist_compiled_react-dom_0r6u5qa._.js:9449:40)
    at renderRootSync (http://localhost:3000/_next/static/chunks/05w9_next_dist_compiled_react-dom_0r6u5qa._.js:9433:13)
    at performWorkOnRoot (http://localhost:3000/_next/static/chunks/05w9_next_dist_compiled_react-dom_0r6u5qa._.js:9098:47)
    at performSyncWorkOnRoot (http://localhost:3000/_next/static/chunks/05w9_next_dist_compiled_react-dom_0r6u5qa._.js:10263:9)
    at flushSyncWorkAcrossRoots_impl (http://localhost:3000/_next/static/chunks/05w9_next_dist_compiled_react-dom_0r6u5qa._.js:10179:316)
    at flushSyncWork$1 (http://localhost:3000/_next/static/chunks/05w9_next_dist_compiled_react-dom_0r6u5qa._.js:9230:86)
    at Object.scheduleRefresh (http://localhost:3000/_next/static/chunks/05w9_next_dist_compiled_react-dom_0r6u5qa._.js:299:13)
    at http://localhost:3000/_next/static/chunks/05w9_next_dist_compiled_0kz62jm._.js:391:33
    at Set.forEach (<anonymous>)
    at Object.performReactRefresh (http://localhost:3000/_next/static/chunks/05w9_next_dist_compiled_0kz62jm._.js:384:38)
    at applyUpdate (http://localhost:3000/_next/static/chunks/05w9_next_dist_compiled_0kz62jm._.js:878:31)
    at http://localhost:3000/_next/static/chunks/05w9_next_dist_compiled_0kz62jm._.js:886:13
[  569846ms] [LOG] [Fast Refresh] done in 131ms @ http://localhost:3000/_next/static/chunks/05w9_next_dist_04sc5oc._.js:2431
[  576364ms] [LOG] [Fast Refresh] rebuilding @ http://localhost:3000/_next/static/chunks/05w9_next_dist_04sc5oc._.js:2431
[  576456ms] [WARNING] [Fast Refresh] performing full reload because your application had an unrecoverable error @ http://localhost:3000/_next/static/chunks/05w9_next_dist_04sc5oc._.js:2431
[  576599ms] [LOG] [Fast Refresh] done in 183ms @ http://localhost:3000/_next/static/chunks/05w9_next_dist_04sc5oc._.js:2431
[  576856ms] [INFO] %cDownload the React DevTools for a better development experience: https://react.dev/link/react-devtools font-weight:bold @ http://localhost:3000/_next/static/chunks/05w9_next_dist_04sc5oc._.js:2431
[  576925ms] [LOG] [HMR] connected @ http://localhost:3000/_next/static/chunks/05w9_next_dist_04sc5oc._.js:2431
[  582801ms] [LOG] [Fast Refresh] rebuilding @ http://localhost:3000/_next/static/chunks/05w9_next_dist_04sc5oc._.js:2431
[  582853ms] [LOG] [Fast Refresh] done in 98ms @ http://localhost:3000/_next/static/chunks/05w9_next_dist_04sc5oc._.js:2431
[  590017ms] [LOG] [Fast Refresh] rebuilding @ http://localhost:3000/_next/static/chunks/05w9_next_dist_04sc5oc._.js:2431
[  590073ms] [LOG] [Fast Refresh] done in 47ms @ http://localhost:3000/_next/static/chunks/05w9_next_dist_04sc5oc._.js:2431
[  595969ms] [LOG] [Fast Refresh] rebuilding @ http://localhost:3000/_next/static/chunks/05w9_next_dist_04sc5oc._.js:2431
[  596023ms] [LOG] [Fast Refresh] done in 90ms @ http://localhost:3000/_next/static/chunks/05w9_next_dist_04sc5oc._.js:2431
